<?xml version="1.0" encoding="UTF-8"?>
<!-- Generated by org.testng.reporters.JUnitXMLReporter -->
<testsuite hostname="Guanmings-MacBook-Pro.local" name="Smoke Testcases" tests="7" failures="0" timestamp="26 Oct 2016 21:11:59 GMT" time="0.08" errors="0">
  <testcase name="software" time="0.008" classname="packTwo.Annot2"/>
  <testcase name="FlightBooking" time="0.002" classname="packTwo.Annotations"/>
  <testcase name="FlightCancel" time="0.005" classname="packTwo.Annotations"/>
  <testcase name="OpeningBrowser" time="0.003" classname="packTwo.Annotations"/>
  <testcase name="OpeningBrowser" time="0.002" classname="packTwo.DependenyAnnot"/>
  <testcase name="Timerelated" time="0.02" classname="packTwo.DependenyAnnot"/>
  <testcase name="FlightBooking" time="0.002" classname="packTwo.DependenyAnnot"/>
</testsuite> <!-- Smoke Testcases -->
