<?xml version="1.0" encoding="UTF-8"?>
<!-- Generated by org.testng.reporters.JUnitXMLReporter -->
<testsuite hostname="Guanmings-MacBook-Pro.local" name="Default test" tests="21" failures="0" timestamp="26 Oct 2016 21:23:25 GMT" time="0.168" errors="0">
  <testcase name="FlightBooking" time="0.004" classname="packTwo.Annotations"/>
  <testcase name="FlightCancel" time="0.002" classname="packTwo.Annotations"/>
  <testcase name="OpeningBrowser" time="0.003" classname="packTwo.Annotations"/>
  <testcase name="software" time="0.004" classname="testngFiles2.Annot2"/>
  <testcase name="software" time="0.004" classname="testngFiles.Annot2"/>
  <testcase name="OpeningBrowser" time="0.002" classname="testngFiles2.DependenyAnnot"/>
  <testcase name="Timerelated" time="0.015" classname="testngFiles2.DependenyAnnot"/>
  <testcase name="FlightBooking" time="0.001" classname="testngFiles2.DependenyAnnot"/>
  <testcase name="Userid" time="0.006" classname="datddriven.Annotations"/>
  <testcase name="Userid" time="0.001" classname="datddriven.Annotations"/>
  <testcase name="Userid" time="0.001" classname="datddriven.Annotations"/>
  <testcase name="software" time="0.001" classname="packTwo.Annot2"/>
  <testcase name="OpeningBrowser" time="0.001" classname="testngFiles.DependenyAnnot"/>
  <testcase name="Timerelated" time="0.002" classname="testngFiles.DependenyAnnot"/>
  <testcase name="FlightBooking" time="0.002" classname="testngFiles.DependenyAnnot"/>
  <testcase name="FlightBooking" time="0.005" classname="testngFiles2.Annotations"/>
  <testcase name="OpeningBrowser" time="0.009" classname="testngFiles2.Annotations"/>
  <testcase name="OpeningBrowser" time="0.002" classname="testngFiles.Annotations"/>
  <testcase name="OpeningBrowser" time="0.001" classname="packTwo.DependenyAnnot"/>
  <testcase name="Timerelated" time="0.001" classname="packTwo.DependenyAnnot"/>
  <testcase name="FlightBooking" time="0.001" classname="packTwo.DependenyAnnot"/>
</testsuite> <!-- Default test -->
