<?xml version="1.0" encoding="UTF-8"?>
<testng-results skipped="0" failed="0" total="21" passed="21">
  <reporter-output>
  </reporter-output>
  <suite name="Default suite" duration-ms="168" started-at="2016-10-26T21:23:25Z" finished-at="2016-10-26T21:23:25Z">
    <groups>
      <group name="Priority1">
        <method signature="Annotations.FlightBooking()[pri:0, instance:packTwo.Annotations@68be2bc2]" name="FlightBooking" class="packTwo.Annotations"/>
      </group> <!-- Priority1 -->
      <group name="Priority2">
        <method signature="Annotations.FlightCancel()[pri:0, instance:packTwo.Annotations@68be2bc2]" name="FlightCancel" class="packTwo.Annotations"/>
      </group> <!-- Priority2 -->
    </groups>
    <test name="Default test" duration-ms="168" started-at="2016-10-26T21:23:25Z" finished-at="2016-10-26T21:23:25Z">
      <class name="testngFiles2.DependenyAnnot">
        <test-method status="PASS" signature="OpeningBrowser()[pri:0, instance:testngFiles2.DependenyAnnot@482f8f11]" name="OpeningBrowser" duration-ms="2" started-at="2016-10-26T14:23:25Z" finished-at="2016-10-26T14:23:25Z">
          <reporter-output>
          </reporter-output>
        </test-method> <!-- OpeningBrowser -->
        <test-method status="PASS" signature="Timerelated()[pri:0, instance:testngFiles2.DependenyAnnot@482f8f11]" name="Timerelated" duration-ms="15" started-at="2016-10-26T14:23:25Z" finished-at="2016-10-26T14:23:25Z">
          <reporter-output>
          </reporter-output>
        </test-method> <!-- Timerelated -->
        <test-method status="PASS" signature="FlightBooking()[pri:0, instance:testngFiles2.DependenyAnnot@482f8f11]" name="FlightBooking" duration-ms="1" started-at="2016-10-26T14:23:25Z" depends-on-methods="testngFiles2.DependenyAnnot.OpeningBrowser" finished-at="2016-10-26T14:23:25Z">
          <reporter-output>
          </reporter-output>
        </test-method> <!-- FlightBooking -->
      </class> <!-- testngFiles2.DependenyAnnot -->
      <class name="testngFiles2.Annot2">
        <test-method status="PASS" signature="software()[pri:0, instance:testngFiles2.Annot2@2a2d45ba]" name="software" duration-ms="4" started-at="2016-10-26T14:23:25Z" finished-at="2016-10-26T14:23:25Z">
          <reporter-output>
          </reporter-output>
        </test-method> <!-- software -->
      </class> <!-- testngFiles2.Annot2 -->
      <class name="testngFiles.Annotations">
        <test-method status="PASS" signature="OpeningBrowser()[pri:0, instance:testngFiles.Annotations@51565ec2]" name="OpeningBrowser" duration-ms="2" started-at="2016-10-26T14:23:25Z" finished-at="2016-10-26T14:23:25Z">
          <reporter-output>
          </reporter-output>
        </test-method> <!-- OpeningBrowser -->
        <test-method status="PASS" signature="UseridGeneration()[pri:0, instance:testngFiles.Annotations@51565ec2]" name="UseridGeneration" is-config="true" duration-ms="0" started-at="2016-10-26T14:23:25Z" finished-at="2016-10-26T14:23:25Z">
          <reporter-output>
          </reporter-output>
        </test-method> <!-- UseridGeneration -->
        <test-method status="PASS" signature="Reportadding()[pri:0, instance:testngFiles.Annotations@51565ec2]" name="Reportadding" is-config="true" duration-ms="1" started-at="2016-10-26T14:23:25Z" finished-at="2016-10-26T14:23:25Z">
          <reporter-output>
          </reporter-output>
        </test-method> <!-- Reportadding -->
      </class> <!-- testngFiles.Annotations -->
      <class name="testngFiles2.Annotations">
        <test-method status="PASS" signature="UseridGeneration()[pri:0, instance:testngFiles2.Annotations@675d3402]" name="UseridGeneration" is-config="true" duration-ms="1" started-at="2016-10-26T14:23:25Z" finished-at="2016-10-26T14:23:25Z">
          <reporter-output>
          </reporter-output>
        </test-method> <!-- UseridGeneration -->
        <test-method status="PASS" signature="FlightBooking()[pri:0, instance:testngFiles2.Annotations@675d3402]" name="FlightBooking" duration-ms="5" started-at="2016-10-26T14:23:25Z" finished-at="2016-10-26T14:23:25Z">
          <reporter-output>
          </reporter-output>
        </test-method> <!-- FlightBooking -->
        <test-method status="PASS" signature="Reportadding()[pri:0, instance:testngFiles2.Annotations@675d3402]" name="Reportadding" is-config="true" duration-ms="0" started-at="2016-10-26T14:23:25Z" finished-at="2016-10-26T14:23:25Z">
          <reporter-output>
          </reporter-output>
        </test-method> <!-- Reportadding -->
        <test-method status="PASS" signature="UseridGeneration()[pri:0, instance:testngFiles2.Annotations@675d3402]" name="UseridGeneration" is-config="true" duration-ms="0" started-at="2016-10-26T14:23:25Z" finished-at="2016-10-26T14:23:25Z">
          <reporter-output>
          </reporter-output>
        </test-method> <!-- UseridGeneration -->
        <test-method status="PASS" signature="OpeningBrowser()[pri:0, instance:testngFiles2.Annotations@675d3402]" name="OpeningBrowser" duration-ms="9" started-at="2016-10-26T14:23:25Z" finished-at="2016-10-26T14:23:25Z">
          <reporter-output>
          </reporter-output>
        </test-method> <!-- OpeningBrowser -->
        <test-method status="PASS" signature="Reportadding()[pri:0, instance:testngFiles2.Annotations@675d3402]" name="Reportadding" is-config="true" duration-ms="3" started-at="2016-10-26T14:23:25Z" finished-at="2016-10-26T14:23:25Z">
          <reporter-output>
          </reporter-output>
        </test-method> <!-- Reportadding -->
      </class> <!-- testngFiles2.Annotations -->
      <class name="datddriven.Annotations">
        <test-method status="PASS" signature="Cookies()[pri:0, instance:packTwo.Annotations@68be2bc2]" name="Cookies" is-config="true" duration-ms="0" started-at="2016-10-26T14:23:25Z" finished-at="2016-10-26T14:23:25Z">
          <reporter-output>
          </reporter-output>
        </test-method> <!-- Cookies -->
        <test-method status="PASS" signature="Cookies()[pri:0, instance:testngFiles2.Annotations@675d3402]" name="Cookies" is-config="true" duration-ms="1" started-at="2016-10-26T14:23:25Z" finished-at="2016-10-26T14:23:25Z">
          <reporter-output>
          </reporter-output>
        </test-method> <!-- Cookies -->
        <test-method status="PASS" signature="Cookies()[pri:0, instance:testngFiles.Annotations@51565ec2]" name="Cookies" is-config="true" duration-ms="0" started-at="2016-10-26T14:23:25Z" finished-at="2016-10-26T14:23:25Z">
          <reporter-output>
          </reporter-output>
        </test-method> <!-- Cookies -->
        <test-method status="PASS" signature="Cookies()[pri:0, instance:datddriven.Annotations@28feb3fa]" name="Cookies" is-config="true" duration-ms="0" started-at="2016-10-26T14:23:25Z" finished-at="2016-10-26T14:23:25Z">
          <reporter-output>
          </reporter-output>
        </test-method> <!-- Cookies -->
        <test-method status="PASS" signature="UseridGeneration()[pri:0, instance:datddriven.Annotations@28feb3fa]" name="UseridGeneration" is-config="true" duration-ms="1" started-at="2016-10-26T14:23:25Z" finished-at="2016-10-26T14:23:25Z">
          <reporter-output>
          </reporter-output>
        </test-method> <!-- UseridGeneration -->
        <test-method status="PASS" signature="Userid(java.lang.String, java.lang.String, java.lang.String)[pri:0, instance:datddriven.Annotations@28feb3fa]" name="Userid" duration-ms="6" started-at="2016-10-26T14:23:25Z" data-provider="getData" finished-at="2016-10-26T14:23:25Z">
          <params>
            <param index="0">
              <value>
                <![CDATA[1abcd]]>
              </value>
            </param>
            <param index="1">
              <value>
                <![CDATA[1xyz]]>
              </value>
            </param>
            <param index="2">
              <value>
                <![CDATA[1dsaf]]>
              </value>
            </param>
          </params>
          <reporter-output>
          </reporter-output>
        </test-method> <!-- Userid -->
        <test-method status="PASS" signature="UseridGeneration()[pri:0, instance:datddriven.Annotations@28feb3fa]" name="UseridGeneration" is-config="true" duration-ms="0" started-at="2016-10-26T14:23:25Z" finished-at="2016-10-26T14:23:25Z">
          <reporter-output>
          </reporter-output>
        </test-method> <!-- UseridGeneration -->
        <test-method status="PASS" signature="Reportadding()[pri:0, instance:datddriven.Annotations@28feb3fa]" name="Reportadding" is-config="true" duration-ms="0" started-at="2016-10-26T14:23:25Z" finished-at="2016-10-26T14:23:25Z">
          <reporter-output>
          </reporter-output>
        </test-method> <!-- Reportadding -->
        <test-method status="PASS" signature="Userid(java.lang.String, java.lang.String, java.lang.String)[pri:0, instance:datddriven.Annotations@28feb3fa]" name="Userid" duration-ms="1" started-at="2016-10-26T14:23:25Z" data-provider="getData" finished-at="2016-10-26T14:23:25Z">
          <params>
            <param index="0">
              <value>
                <![CDATA[2abcd]]>
              </value>
            </param>
            <param index="1">
              <value>
                <![CDATA[2xyz]]>
              </value>
            </param>
            <param index="2">
              <value>
                <![CDATA[2dsaf]]>
              </value>
            </param>
          </params>
          <reporter-output>
          </reporter-output>
        </test-method> <!-- Userid -->
        <test-method status="PASS" signature="UseridGeneration()[pri:0, instance:datddriven.Annotations@28feb3fa]" name="UseridGeneration" is-config="true" duration-ms="1" started-at="2016-10-26T14:23:25Z" finished-at="2016-10-26T14:23:25Z">
          <reporter-output>
          </reporter-output>
        </test-method> <!-- UseridGeneration -->
        <test-method status="PASS" signature="Reportadding()[pri:0, instance:datddriven.Annotations@28feb3fa]" name="Reportadding" is-config="true" duration-ms="0" started-at="2016-10-26T14:23:25Z" finished-at="2016-10-26T14:23:25Z">
          <reporter-output>
          </reporter-output>
        </test-method> <!-- Reportadding -->
        <test-method status="PASS" signature="Userid(java.lang.String, java.lang.String, java.lang.String)[pri:0, instance:datddriven.Annotations@28feb3fa]" name="Userid" duration-ms="1" started-at="2016-10-26T14:23:25Z" data-provider="getData" finished-at="2016-10-26T14:23:25Z">
          <params>
            <param index="0">
              <value>
                <![CDATA[3abcd]]>
              </value>
            </param>
            <param index="1">
              <value>
                <![CDATA[3xyz]]>
              </value>
            </param>
            <param index="2">
              <value>
                <![CDATA[3dsaf]]>
              </value>
            </param>
          </params>
          <reporter-output>
          </reporter-output>
        </test-method> <!-- Userid -->
        <test-method status="PASS" signature="Reportadding()[pri:0, instance:datddriven.Annotations@28feb3fa]" name="Reportadding" is-config="true" duration-ms="0" started-at="2016-10-26T14:23:25Z" finished-at="2016-10-26T14:23:25Z">
          <reporter-output>
          </reporter-output>
        </test-method> <!-- Reportadding -->
        <test-method status="PASS" signature="Cookiesclose()[pri:0, instance:testngFiles.Annotations@51565ec2]" name="Cookiesclose" is-config="true" duration-ms="0" started-at="2016-10-26T14:23:25Z" finished-at="2016-10-26T14:23:25Z">
          <reporter-output>
          </reporter-output>
        </test-method> <!-- Cookiesclose -->
        <test-method status="PASS" signature="Cookiesclose()[pri:0, instance:datddriven.Annotations@28feb3fa]" name="Cookiesclose" is-config="true" duration-ms="0" started-at="2016-10-26T14:23:25Z" finished-at="2016-10-26T14:23:25Z">
          <reporter-output>
          </reporter-output>
        </test-method> <!-- Cookiesclose -->
        <test-method status="PASS" signature="Cookiesclose()[pri:0, instance:packTwo.Annotations@68be2bc2]" name="Cookiesclose" is-config="true" duration-ms="0" started-at="2016-10-26T14:23:25Z" finished-at="2016-10-26T14:23:25Z">
          <reporter-output>
          </reporter-output>
        </test-method> <!-- Cookiesclose -->
        <test-method status="PASS" signature="Cookiesclose()[pri:0, instance:testngFiles2.Annotations@675d3402]" name="Cookiesclose" is-config="true" duration-ms="0" started-at="2016-10-26T14:23:25Z" finished-at="2016-10-26T14:23:25Z">
          <reporter-output>
          </reporter-output>
        </test-method> <!-- Cookiesclose -->
      </class> <!-- datddriven.Annotations -->
      <class name="packTwo.Annot2">
        <test-method status="PASS" signature="installsoftware()[pri:0, instance:packTwo.Annot2@20e2cbe0]" name="installsoftware" is-config="true" duration-ms="10" started-at="2016-10-26T14:23:25Z" finished-at="2016-10-26T14:23:25Z">
          <reporter-output>
          </reporter-output>
        </test-method> <!-- installsoftware -->
        <test-method status="PASS" signature="installsoftware()[pri:0, instance:testngFiles2.Annot2@2a2d45ba]" name="installsoftware" is-config="true" duration-ms="0" started-at="2016-10-26T14:23:25Z" finished-at="2016-10-26T14:23:25Z">
          <reporter-output>
          </reporter-output>
        </test-method> <!-- installsoftware -->
        <test-method status="PASS" signature="installsoftware()[pri:0, instance:testngFiles.Annot2@2a5ca609]" name="installsoftware" is-config="true" duration-ms="0" started-at="2016-10-26T14:23:25Z" finished-at="2016-10-26T14:23:25Z">
          <reporter-output>
          </reporter-output>
        </test-method> <!-- installsoftware -->
        <test-method status="PASS" signature="software()[pri:0, instance:packTwo.Annot2@20e2cbe0]" name="software" duration-ms="1" started-at="2016-10-26T14:23:25Z" finished-at="2016-10-26T14:23:25Z">
          <reporter-output>
          </reporter-output>
        </test-method> <!-- software -->
        <test-method status="PASS" signature="deinstallsoftware()[pri:0, instance:packTwo.Annot2@20e2cbe0]" name="deinstallsoftware" is-config="true" duration-ms="1" started-at="2016-10-26T14:23:25Z" finished-at="2016-10-26T14:23:25Z">
          <reporter-output>
          </reporter-output>
        </test-method> <!-- deinstallsoftware -->
        <test-method status="PASS" signature="deinstallsoftware()[pri:0, instance:testngFiles.Annot2@2a5ca609]" name="deinstallsoftware" is-config="true" duration-ms="1" started-at="2016-10-26T14:23:25Z" finished-at="2016-10-26T14:23:25Z">
          <reporter-output>
          </reporter-output>
        </test-method> <!-- deinstallsoftware -->
        <test-method status="PASS" signature="deinstallsoftware()[pri:0, instance:testngFiles2.Annot2@2a2d45ba]" name="deinstallsoftware" is-config="true" duration-ms="0" started-at="2016-10-26T14:23:25Z" finished-at="2016-10-26T14:23:25Z">
          <reporter-output>
          </reporter-output>
        </test-method> <!-- deinstallsoftware -->
      </class> <!-- packTwo.Annot2 -->
      <class name="testngFiles.Annot2">
        <test-method status="PASS" signature="software()[pri:0, instance:testngFiles.Annot2@2a5ca609]" name="software" duration-ms="4" started-at="2016-10-26T14:23:25Z" finished-at="2016-10-26T14:23:25Z">
          <reporter-output>
          </reporter-output>
        </test-method> <!-- software -->
      </class> <!-- testngFiles.Annot2 -->
      <class name="packTwo.Annotations">
        <test-method status="PASS" signature="UseridGeneration()[pri:0, instance:packTwo.Annotations@68be2bc2]" name="UseridGeneration" is-config="true" duration-ms="1" started-at="2016-10-26T14:23:25Z" finished-at="2016-10-26T14:23:25Z">
          <reporter-output>
          </reporter-output>
        </test-method> <!-- UseridGeneration -->
        <test-method status="PASS" signature="FlightBooking()[pri:0, instance:packTwo.Annotations@68be2bc2]" name="FlightBooking" duration-ms="4" started-at="2016-10-26T14:23:25Z" finished-at="2016-10-26T14:23:25Z">
          <reporter-output>
          </reporter-output>
        </test-method> <!-- FlightBooking -->
        <test-method status="PASS" signature="Reportadding()[pri:0, instance:packTwo.Annotations@68be2bc2]" name="Reportadding" is-config="true" duration-ms="1" started-at="2016-10-26T14:23:25Z" finished-at="2016-10-26T14:23:25Z">
          <reporter-output>
          </reporter-output>
        </test-method> <!-- Reportadding -->
        <test-method status="PASS" signature="UseridGeneration()[pri:0, instance:packTwo.Annotations@68be2bc2]" name="UseridGeneration" is-config="true" duration-ms="1" started-at="2016-10-26T14:23:25Z" finished-at="2016-10-26T14:23:25Z">
          <reporter-output>
          </reporter-output>
        </test-method> <!-- UseridGeneration -->
        <test-method status="PASS" signature="FlightCancel()[pri:0, instance:packTwo.Annotations@68be2bc2]" name="FlightCancel" duration-ms="2" started-at="2016-10-26T14:23:25Z" finished-at="2016-10-26T14:23:25Z">
          <reporter-output>
          </reporter-output>
        </test-method> <!-- FlightCancel -->
        <test-method status="PASS" signature="Reportadding()[pri:0, instance:packTwo.Annotations@68be2bc2]" name="Reportadding" is-config="true" duration-ms="0" started-at="2016-10-26T14:23:25Z" finished-at="2016-10-26T14:23:25Z">
          <reporter-output>
          </reporter-output>
        </test-method> <!-- Reportadding -->
        <test-method status="PASS" signature="UseridGeneration()[pri:0, instance:packTwo.Annotations@68be2bc2]" name="UseridGeneration" is-config="true" duration-ms="1" started-at="2016-10-26T14:23:25Z" finished-at="2016-10-26T14:23:25Z">
          <reporter-output>
          </reporter-output>
        </test-method> <!-- UseridGeneration -->
        <test-method status="PASS" signature="OpeningBrowser()[pri:0, instance:packTwo.Annotations@68be2bc2]" name="OpeningBrowser" duration-ms="3" started-at="2016-10-26T14:23:25Z" finished-at="2016-10-26T14:23:25Z">
          <reporter-output>
          </reporter-output>
        </test-method> <!-- OpeningBrowser -->
        <test-method status="PASS" signature="Reportadding()[pri:0, instance:packTwo.Annotations@68be2bc2]" name="Reportadding" is-config="true" duration-ms="1" started-at="2016-10-26T14:23:25Z" finished-at="2016-10-26T14:23:25Z">
          <reporter-output>
          </reporter-output>
        </test-method> <!-- Reportadding -->
      </class> <!-- packTwo.Annotations -->
      <class name="testngFiles.DependenyAnnot">
        <test-method status="PASS" signature="OpeningBrowser()[pri:0, instance:testngFiles.DependenyAnnot@1593948d]" name="OpeningBrowser" duration-ms="1" started-at="2016-10-26T14:23:25Z" finished-at="2016-10-26T14:23:25Z">
          <reporter-output>
          </reporter-output>
        </test-method> <!-- OpeningBrowser -->
        <test-method status="PASS" signature="Timerelated()[pri:0, instance:testngFiles.DependenyAnnot@1593948d]" name="Timerelated" duration-ms="2" started-at="2016-10-26T14:23:25Z" finished-at="2016-10-26T14:23:25Z">
          <reporter-output>
          </reporter-output>
        </test-method> <!-- Timerelated -->
        <test-method status="PASS" signature="FlightBooking()[pri:0, instance:testngFiles.DependenyAnnot@1593948d]" name="FlightBooking" duration-ms="2" started-at="2016-10-26T14:23:25Z" depends-on-methods="testngFiles.DependenyAnnot.OpeningBrowser" finished-at="2016-10-26T14:23:25Z">
          <reporter-output>
          </reporter-output>
        </test-method> <!-- FlightBooking -->
      </class> <!-- testngFiles.DependenyAnnot -->
      <class name="packTwo.DependenyAnnot">
        <test-method status="PASS" signature="OpeningBrowser()[pri:0, instance:packTwo.DependenyAnnot@1b604f19]" name="OpeningBrowser" duration-ms="1" started-at="2016-10-26T14:23:25Z" finished-at="2016-10-26T14:23:25Z">
          <reporter-output>
          </reporter-output>
        </test-method> <!-- OpeningBrowser -->
        <test-method status="PASS" signature="Timerelated()[pri:0, instance:packTwo.DependenyAnnot@1b604f19]" name="Timerelated" duration-ms="1" started-at="2016-10-26T14:23:25Z" finished-at="2016-10-26T14:23:25Z">
          <reporter-output>
          </reporter-output>
        </test-method> <!-- Timerelated -->
        <test-method status="PASS" signature="FlightBooking()[pri:0, instance:packTwo.DependenyAnnot@1b604f19]" name="FlightBooking" duration-ms="1" started-at="2016-10-26T14:23:25Z" depends-on-methods="packTwo.DependenyAnnot.OpeningBrowser" finished-at="2016-10-26T14:23:25Z">
          <reporter-output>
          </reporter-output>
        </test-method> <!-- FlightBooking -->
      </class> <!-- packTwo.DependenyAnnot -->
    </test> <!-- Default test -->
  </suite> <!-- Default suite -->
</testng-results>
